This file contains any messages produced by compilers while
running configure, to aid debugging if configure makes a mistake.

It was created by vasputil configure 4.2, which was
generated by GNU Autoconf 2.59.  Invocation command line was

  $ ./configure FC=gfortran

## --------- ##
## Platform. ##
## --------- ##

hostname = chaffey.phys.dal.ca
uname -m = i686
uname -r = 2.6.20-17-generic
uname -s = Linux
uname -v = #2 SMP Wed Aug 20 16:47:34 UTC 2008

/usr/bin/uname -p = unknown
/bin/uname -X     = unknown

/bin/arch              = i686
/usr/bin/arch -k       = unknown
/usr/convex/getsysinfo = unknown
hostinfo               = unknown
/bin/machine           = unknown
/usr/bin/oslevel       = unknown
/bin/universe          = unknown

PATH: /home/itamblyn/bin
PATH: /home/itamblyn/XCrySDen
PATH: /usr/local/sbin
PATH: /usr/local/bin
PATH: /usr/sbin
PATH: /usr/bin
PATH: /sbin
PATH: /bin
PATH: /usr/games
PATH: /opt/intel/fc/10.0.023/bin/
PATH: /opt/intel/cc/10.0.023/bin/
PATH: /usr/local/analysis
PATH: /usr/local/analysis/fortran
PATH: /usr/local/analysis/calculate
PATH: /usr/local/babel-1.6
PATH: /usr/local/fhi98PP/bin/Tools/
PATH: /usr/local/fhi98PP/bin/
PATH: /usr/local/analysis/vtstscripts/
PATH: .
PATH: /home/itamblyn/scripts
PATH: /home/itamblyn/XCrySDen/scripts
PATH: /home/itamblyn/XCrySDen/util


## ----------- ##
## Core tests. ##
## ----------- ##

configure:1339: checking for a BSD-compatible install
configure:1394: result: /usr/bin/install -c
configure:1405: checking whether build environment is sane
configure:1448: result: yes
configure:1513: checking for gawk
configure:1529: found /usr/bin/gawk
configure:1539: result: gawk
configure:1549: checking whether make sets $(MAKE)
configure:1569: result: yes
configure:1742: checking whether make sets $(MAKE)
configure:1762: result: yes
configure:1777: checking build system type
configure:1795: result: i686-pc-linux-gnu
configure:1803: checking host system type
configure:1817: result: i686-pc-linux-gnu
configure:1875: checking for ranlib
configure:1891: found /usr/bin/ranlib
configure:1902: result: ranlib
configure:1927: checking for a BSD-compatible install
configure:1982: result: /usr/bin/install -c
configure:1997: checking for ld
configure:2013: found /usr/bin/ld
configure:2023: result: ld
configure:2038: checking for ar
configure:2054: found /usr/bin/ar
configure:2064: result: ar
configure:2079: checking for strip
configure:2095: found /usr/bin/strip
configure:2105: result: strip
configure:2120: checking for etags
configure:2136: found /usr/bin/etags
configure:2146: result: etags
configure:2161: checking for ctags
configure:2177: found /usr/bin/ctags
configure:2187: result: ctags
configure:2198: checking whether ln -s works
configure:2202: result: yes
configure:2220: checking for python
configure:2238: found /usr/local/bin/python
configure:2250: result: /usr/local/bin/python
configure:2272: checking for python version
configure:2279: result: 2.5
configure:2291: checking for python platform
configure:2298: result: linux2
configure:2305: checking for python script directory
configure:2313: result: ${prefix}/lib/python2.5/site-packages
configure:2322: checking for python extension module directory
configure:2330: result: ${exec_prefix}/lib/python2.5/site-packages
configure:2445: checking for gcc
configure:2461: found /usr/bin/gcc
configure:2471: result: gcc
configure:2715: checking for C compiler version
configure:2718: gcc --version </dev/null >&5
gcc (GCC) 4.1.2 (Ubuntu 4.1.2-0ubuntu4)
Copyright (C) 2006 Free Software Foundation, Inc.
This is free software; see the source for copying conditions.  There is NO
warranty; not even for MERCHANTABILITY or FITNESS FOR A PARTICULAR PURPOSE.

configure:2721: $? = 0
configure:2723: gcc -v </dev/null >&5
Using built-in specs.
Target: i486-linux-gnu
Configured with: ../src/configure -v --enable-languages=c,c++,fortran,objc,obj-c++,treelang --prefix=/usr --enable-shared --with-system-zlib --libexecdir=/usr/lib --without-included-gettext --enable-threads=posix --enable-nls --program-suffix=-4.1 --enable-__cxa_atexit --enable-clocale=gnu --enable-libstdcxx-debug --enable-mpfr --enable-checking=release i486-linux-gnu
Thread model: posix
gcc version 4.1.2 (Ubuntu 4.1.2-0ubuntu4)
configure:2726: $? = 0
configure:2728: gcc -V </dev/null >&5
gcc: '-V' option must have argument
configure:2731: $? = 1
configure:2754: checking for C compiler default output file name
configure:2757: gcc    conftest.c  >&5
configure:2760: $? = 0
configure:2806: result: a.out
configure:2811: checking whether the C compiler works
configure:2817: ./a.out
configure:2820: $? = 0
configure:2837: result: yes
configure:2844: checking whether we are cross compiling
configure:2846: result: no
configure:2849: checking for suffix of executables
configure:2851: gcc -o conftest    conftest.c  >&5
configure:2854: $? = 0
configure:2879: result: 
configure:2885: checking for suffix of object files
configure:2906: gcc -c   conftest.c >&5
configure:2909: $? = 0
configure:2931: result: o
configure:2935: checking whether we are using the GNU C compiler
configure:2959: gcc -c   conftest.c >&5
configure:2965: $? = 0
configure:2969: test -z 
			 || test ! -s conftest.err
configure:2972: $? = 0
configure:2975: test -s conftest.o
configure:2978: $? = 0
configure:2991: result: yes
configure:2997: checking whether gcc accepts -g
configure:3018: gcc -c -g  conftest.c >&5
configure:3024: $? = 0
configure:3028: test -z 
			 || test ! -s conftest.err
configure:3031: $? = 0
configure:3034: test -s conftest.o
configure:3037: $? = 0
configure:3048: result: yes
configure:3065: checking for gcc option to accept ANSI C
configure:3135: gcc  -c -g -O2  conftest.c >&5
configure:3141: $? = 0
configure:3145: test -z 
			 || test ! -s conftest.err
configure:3148: $? = 0
configure:3151: test -s conftest.o
configure:3154: $? = 0
configure:3172: result: none needed
configure:3190: gcc -c -g -O2  conftest.c >&5
conftest.c:2: error: expected '=', ',', ';', 'asm' or '__attribute__' before 'me'
configure:3196: $? = 1
configure: failed program was:
| #ifndef __cplusplus
|   choke me
| #endif
configure:3340: checking for style of include used by make
configure:3368: result: GNU
configure:3396: checking dependency style of gcc
configure:3486: result: none
configure:3598: checking for Fortran compiler version
configure:3601: gfortran --version </dev/null >&5
GNU Fortran 95 (GCC) 4.1.2 (Ubuntu 4.1.2-0ubuntu4)
Copyright (C) 2006 Free Software Foundation, Inc.

GNU Fortran comes with NO WARRANTY, to the extent permitted by law.
You may redistribute copies of GNU Fortran
under the terms of the GNU General Public License.
For more information about these matters, see the file named COPYING

configure:3604: $? = 0
configure:3606: gfortran -v </dev/null >&5
Using built-in specs.
Target: i486-linux-gnu
Configured with: ../src/configure -v --enable-languages=c,c++,fortran,objc,obj-c++,treelang --prefix=/usr --enable-shared --with-system-zlib --libexecdir=/usr/lib --without-included-gettext --enable-threads=posix --enable-nls --program-suffix=-4.1 --enable-__cxa_atexit --enable-clocale=gnu --enable-libstdcxx-debug --enable-mpfr --enable-checking=release i486-linux-gnu
Thread model: posix
gcc version 4.1.2 (Ubuntu 4.1.2-0ubuntu4)
configure:3609: $? = 0
configure:3611: gfortran -V </dev/null >&5
gfortran: '-V' option must have argument
configure:3614: $? = 1
configure:3622: checking whether we are using the GNU Fortran compiler
configure:3636: gfortran -c   conftest.F >&5
configure:3642: $? = 0
configure:3646: test -z 
			 || test ! -s conftest.err
configure:3649: $? = 0
configure:3652: test -s conftest.o
configure:3655: $? = 0
configure:3668: result: yes
configure:3674: checking whether gfortran accepts -g
configure:3686: gfortran -c -g  conftest.f >&5
configure:3692: $? = 0
configure:3696: test -z 
			 || test ! -s conftest.err
configure:3699: $? = 0
configure:3702: test -s conftest.o
configure:3705: $? = 0
configure:3717: result: yes
configure:3759: checking for debugging flags to use
configure:3943: checking how to get verbose linking output from gfortran
configure:3954: gfortran -c -g -O2  conftest.f >&5
configure:3960: $? = 0
configure:3964: test -z 
			 || test ! -s conftest.err
configure:3967: $? = 0
configure:3970: test -s conftest.o
configure:3973: $? = 0
configure:3990: gfortran -o conftest -g -O2 -v   conftest.f  >&5
Using built-in specs.
Target: i486-linux-gnu
Configured with: ../src/configure -v --enable-languages=c,c++,fortran,objc,obj-c++,treelang --prefix=/usr --enable-shared --with-system-zlib --libexecdir=/usr/lib --without-included-gettext --enable-threads=posix --enable-nls --program-suffix=-4.1 --enable-__cxa_atexit --enable-clocale=gnu --enable-libstdcxx-debug --enable-mpfr --enable-checking=release i486-linux-gnu
Thread model: posix
gcc version 4.1.2 (Ubuntu 4.1.2-0ubuntu4)
 /usr/lib/gcc/i486-linux-gnu/4.1.2/f951 conftest.f -ffixed-form -quiet -dumpbase conftest.f -mtune=generic -auxbase conftest -g -O2 -version -fstack-protector -o /tmp/ccyPEN2b.s
GNU F95 version 4.1.2 (Ubuntu 4.1.2-0ubuntu4) (i486-linux-gnu)
	compiled by GNU C version 4.1.2 (Ubuntu 4.1.2-0ubuntu4).
GGC heuristics: --param ggc-min-expand=100 --param ggc-min-heapsize=131072
 as -V -Qy -o /tmp/ccScVzZg.o /tmp/ccyPEN2b.s
GNU assembler version 2.17.50 (i486-linux-gnu) using BFD version 2.17.50 20070103 Ubuntu
 /usr/lib/gcc/i486-linux-gnu/4.1.2/collect2 --eh-frame-hdr -m elf_i386 --hash-style=both -dynamic-linker /lib/ld-linux.so.2 -o conftest /usr/lib/gcc/i486-linux-gnu/4.1.2/../../../../lib/crt1.o /usr/lib/gcc/i486-linux-gnu/4.1.2/../../../../lib/crti.o /usr/lib/gcc/i486-linux-gnu/4.1.2/crtbegin.o -L/usr/lib/gcc/i486-linux-gnu/4.1.2 -L/usr/lib/gcc/i486-linux-gnu/4.1.2 -L/usr/lib/gcc/i486-linux-gnu/4.1.2/../../../../lib -L/lib/../lib -L/usr/lib/../lib /tmp/ccScVzZg.o -lgfortranbegin -lgfortran -lm -lgcc_s -lgcc -lc -lgcc_s -lgcc /usr/lib/gcc/i486-linux-gnu/4.1.2/crtend.o /usr/lib/gcc/i486-linux-gnu/4.1.2/../../../../lib/crtn.o
configure:4045: result: -v
configure:4047: checking for Fortran libraries of gfortran
configure:4068: gfortran -o conftest -g -O2 -v   conftest.f  >&5
Using built-in specs.
Target: i486-linux-gnu
Configured with: ../src/configure -v --enable-languages=c,c++,fortran,objc,obj-c++,treelang --prefix=/usr --enable-shared --with-system-zlib --libexecdir=/usr/lib --without-included-gettext --enable-threads=posix --enable-nls --program-suffix=-4.1 --enable-__cxa_atexit --enable-clocale=gnu --enable-libstdcxx-debug --enable-mpfr --enable-checking=release i486-linux-gnu
Thread model: posix
gcc version 4.1.2 (Ubuntu 4.1.2-0ubuntu4)
 /usr/lib/gcc/i486-linux-gnu/4.1.2/f951 conftest.f -ffixed-form -quiet -dumpbase conftest.f -mtune=generic -auxbase conftest -g -O2 -version -fstack-protector -o /tmp/ccal7yqk.s
GNU F95 version 4.1.2 (Ubuntu 4.1.2-0ubuntu4) (i486-linux-gnu)
	compiled by GNU C version 4.1.2 (Ubuntu 4.1.2-0ubuntu4).
GGC heuristics: --param ggc-min-expand=100 --param ggc-min-heapsize=131072
 as -V -Qy -o /tmp/ccHkGaCl.o /tmp/ccal7yqk.s
GNU assembler version 2.17.50 (i486-linux-gnu) using BFD version 2.17.50 20070103 Ubuntu
 /usr/lib/gcc/i486-linux-gnu/4.1.2/collect2 --eh-frame-hdr -m elf_i386 --hash-style=both -dynamic-linker /lib/ld-linux.so.2 -o conftest /usr/lib/gcc/i486-linux-gnu/4.1.2/../../../../lib/crt1.o /usr/lib/gcc/i486-linux-gnu/4.1.2/../../../../lib/crti.o /usr/lib/gcc/i486-linux-gnu/4.1.2/crtbegin.o -L/usr/lib/gcc/i486-linux-gnu/4.1.2 -L/usr/lib/gcc/i486-linux-gnu/4.1.2 -L/usr/lib/gcc/i486-linux-gnu/4.1.2/../../../../lib -L/lib/../lib -L/usr/lib/../lib /tmp/ccHkGaCl.o -lgfortranbegin -lgfortran -lm -lgcc_s -lgcc -lc -lgcc_s -lgcc /usr/lib/gcc/i486-linux-gnu/4.1.2/crtend.o /usr/lib/gcc/i486-linux-gnu/4.1.2/../../../../lib/crtn.o
configure:4229: result:  -L/usr/lib/gcc/i486-linux-gnu/4.1.2 -L/usr/lib/gcc/i486-linux-gnu/4.1.2/../../../../lib -L/lib/../lib -L/usr/lib/../lib -lgfortranbegin -lgfortran -lm -lgcc_s
configure:4246: checking for dummy main to link with Fortran libraries
configure:4285: gcc -o conftest -g -O2   conftest.c   -L/usr/lib/gcc/i486-linux-gnu/4.1.2 -L/usr/lib/gcc/i486-linux-gnu/4.1.2/../../../../lib -L/lib/../lib -L/usr/lib/../lib -lgfortranbegin -lgfortran -lm -lgcc_s >&5
configure:4291: $? = 0
configure:4295: test -z 
			 || test ! -s conftest.err
configure:4298: $? = 0
configure:4301: test -s conftest
configure:4304: $? = 0
configure:4382: result: none
configure:4419: checking for Fortran name-mangling scheme
configure:4433: gfortran -c -g -O2  conftest.f >&5
configure:4439: $? = 0
configure:4443: test -z 
			 || test ! -s conftest.err
configure:4446: $? = 0
configure:4449: test -s conftest.o
configure:4452: $? = 0
configure:4499: gcc -o conftest -g -O2   conftest.c cfortran_test.o   -L/usr/lib/gcc/i486-linux-gnu/4.1.2 -L/usr/lib/gcc/i486-linux-gnu/4.1.2/../../../../lib -L/lib/../lib -L/usr/lib/../lib -lgfortranbegin -lgfortran -lm -lgcc_s >&5
/tmp/ccy1Gl6u.o: In function `main':
/home/itamblyn/analysis/vasputil-4.2/conftest.c:30: undefined reference to `foobar'
collect2: ld returned 1 exit status
configure:4505: $? = 1
configure: failed program was:
| /* confdefs.h.  */
| 
| #define PACKAGE_NAME "vasputil"
| #define PACKAGE_TARNAME "vasputil"
| #define PACKAGE_VERSION "4.2"
| #define PACKAGE_STRING "vasputil 4.2"
| #define PACKAGE_BUGREPORT "Janne.Blomqvist@tkk.fi"
| #define PACKAGE "vasputil"
| #define VERSION "4.2"
| /* end confdefs.h.  */
| 
| /* Override any gcc2 internal prototype to avoid an error.  */
| #ifdef __cplusplus
| extern "C"
| #endif
| /* We use char because int might match the return type of a gcc2
|    builtin and then its argument prototype would still apply.  */
| char foobar ();
| #ifdef FC_DUMMY_MAIN
| #ifndef FC_DUMMY_MAIN_EQ_F77
| #  ifdef __cplusplus
|      extern "C"
| #  endif
|    int FC_DUMMY_MAIN() { return 1; }
| #endif
| #endif
| int
| main ()
| {
| foobar ();
|   ;
|   return 0;
| }
configure:4499: gcc -o conftest -g -O2   conftest.c cfortran_test.o   -L/usr/lib/gcc/i486-linux-gnu/4.1.2 -L/usr/lib/gcc/i486-linux-gnu/4.1.2/../../../../lib -L/lib/../lib -L/usr/lib/../lib -lgfortranbegin -lgfortran -lm -lgcc_s >&5
configure:4505: $? = 0
configure:4509: test -z 
			 || test ! -s conftest.err
configure:4512: $? = 0
configure:4515: test -s conftest
configure:4518: $? = 0
configure:4586: gcc -o conftest -g -O2   conftest.c cfortran_test.o   -L/usr/lib/gcc/i486-linux-gnu/4.1.2 -L/usr/lib/gcc/i486-linux-gnu/4.1.2/../../../../lib -L/lib/../lib -L/usr/lib/../lib -lgfortranbegin -lgfortran -lm -lgcc_s >&5
configure:4592: $? = 0
configure:4596: test -z 
			 || test ! -s conftest.err
configure:4599: $? = 0
configure:4602: test -s conftest
configure:4605: $? = 0
configure:4655: result: lower case, underscore, no extra underscore
configure:4930: checking for builtin sgemm
configure:4938: gfortran -o conftest -g -O2   conftest.f  >&5
/tmp/ccCID8JR.o: In function `MAIN__':
/home/itamblyn/analysis/vasputil-4.2/conftest.f:2: undefined reference to `sgemm_'
collect2: ld returned 1 exit status
configure:4944: $? = 1
configure: failed program was:
|       program main
|       call sgemm
|       end
configure:4967: result: no
configure:4974: trying Intel MKL library:
configure:4977: checking for sgemm in -lmkl
configure:4990: gfortran -o conftest -g -O2   conftest.f -lmkl -lguide -lm  >&5
/usr/bin/ld: cannot find -lmkl
collect2: ld returned 1 exit status
configure:4996: $? = 1
configure: failed program was:
|       program main
|       call sgemm
|       end
configure:5022: result: no
configure:5030: checking for sgemm in -lmkl_def
configure:5043: gfortran -o conftest -g -O2   conftest.f -lmkl_def -lm  >&5
/usr/bin/ld: cannot find -lmkl_def
collect2: ld returned 1 exit status
configure:5049: $? = 1
configure: failed program was:
|       program main
|       call sgemm
|       end
configure:5075: result: no
configure:5084: checking for sgemm in -lmkl_ipf
configure:5097: gfortran -o conftest -g -O2   conftest.f -lmkl_ipf -lguide -lm  >&5
/usr/bin/ld: cannot find -lmkl_ipf
collect2: ld returned 1 exit status
configure:5103: $? = 1
configure: failed program was:
|       program main
|       call sgemm
|       end
configure:5129: result: no
configure:5139: checking for lsame in -lmkl_lapack
configure:5152: gfortran -o conftest -g -O2   conftest.f -lmkl_lapack   >&5
/usr/bin/ld: cannot find -lmkl_lapack
collect2: ld returned 1 exit status
configure:5158: $? = 1
configure: failed program was:
|       program main
|       call lsame
|       end
configure:5184: result: no
configure:5247: Intel MKL library... no
configure:5254: checking for sgemm in -lacml
configure:5267: gfortran -o conftest -g -O2   conftest.f -lacml   >&5
/usr/bin/ld: cannot find -lacml
collect2: ld returned 1 exit status
configure:5273: $? = 1
configure: failed program was:
|       program main
|       call sgemm
|       end
configure:5299: result: no
configure:5305: ACML library... no
configure:5311: trying ATLAS library:
configure:5314: checking for sgemm in -lcblas
configure:5327: gfortran -o conftest -g -O2   conftest.f -lcblas -lf77blas -latlas  >&5
/usr/bin/ld: cannot find -lcblas
collect2: ld returned 1 exit status
configure:5333: $? = 1
configure: failed program was:
|       program main
|       call sgemm
|       end
configure:5359: result: no
configure:5368: checking for sgemm in -lf77blas
configure:5381: gfortran -o conftest -g -O2   conftest.f -lf77blas -latlas  >&5
/usr/bin/ld: cannot find -lf77blas
collect2: ld returned 1 exit status
configure:5387: $? = 1
configure: failed program was:
|       program main
|       call sgemm
|       end
configure:5413: result: no
configure:5420: ATLAS library... no
configure:5427: checking for sgemm in -lveclib
configure:5440: gfortran -o conftest -g -O2   conftest.f -lveclib   >&5
/usr/bin/ld: cannot find -lveclib
collect2: ld returned 1 exit status
configure:5446: $? = 1
configure: failed program was:
|       program main
|       call sgemm
|       end
configure:5472: result: no
configure:5482: trying PhiPACK library:
configure:5485: checking for sgemm in -lblas
configure:5498: gfortran -o conftest -g -O2   conftest.f -lblas   >&5
/usr/bin/ld: cannot find -lblas
collect2: ld returned 1 exit status
configure:5504: $? = 1
configure: failed program was:
|       program main
|       call sgemm
|       end
configure:5530: result: no
configure:5638: PhiPACK library... no
configure:5645: checking for sgemm in -lcxml
configure:5658: gfortran -o conftest -g -O2   conftest.f -lcxml   >&5
/usr/bin/ld: cannot find -lcxml
collect2: ld returned 1 exit status
configure:5664: $? = 1
configure: failed program was:
|       program main
|       call sgemm
|       end
configure:5690: result: no
configure:5701: checking for sgemm in -ldxml
configure:5714: gfortran -o conftest -g -O2   conftest.f -ldxml   >&5
/usr/bin/ld: cannot find -ldxml
collect2: ld returned 1 exit status
configure:5720: $? = 1
configure: failed program was:
|       program main
|       call sgemm
|       end
configure:5746: result: no
configure:5867: checking for sgemm in -lscs
configure:5880: gfortran -o conftest -g -O2   conftest.f -lscs   >&5
/usr/bin/ld: cannot find -lscs
collect2: ld returned 1 exit status
configure:5886: $? = 1
configure: failed program was:
|       program main
|       call sgemm
|       end
configure:5912: result: no
configure:5923: checking for sgemm in -lcomplib.sgimath
configure:5936: gfortran -o conftest -g -O2   conftest.f -lcomplib.sgimath   >&5
/usr/bin/ld: cannot find -lcomplib.sgimath
collect2: ld returned 1 exit status
configure:5942: $? = 1
configure: failed program was:
|       program main
|       call sgemm
|       end
configure:5968: result: no
configure:5979: trying IBM ESSL:
configure:5982: checking for sgemm in -lblas
configure:5995: gfortran -o conftest -g -O2   conftest.f -lblas   >&5
/usr/bin/ld: cannot find -lblas
collect2: ld returned 1 exit status
configure:6001: $? = 1
configure: failed program was:
|       program main
|       call sgemm
|       end
configure:6027: result: no
configure:6085: IBM ESSL... no
configure:6091: trying Lahey BLAS:
configure:6094: checking for sgemm in -lblasmt
configure:6107: gfortran -o conftest -g -O2   conftest.f -lblasmt   >&5
/usr/bin/ld: cannot find -lblasmt
collect2: ld returned 1 exit status
configure:6113: $? = 1
configure: failed program was:
|       program main
|       call sgemm
|       end
configure:6139: result: no
configure:6151: checking for sgemm in -lblas
configure:6164: gfortran -o conftest -g -O2   conftest.f -lblas   >&5
/usr/bin/ld: cannot find -lblas
collect2: ld returned 1 exit status
configure:6170: $? = 1
configure: failed program was:
|       program main
|       call sgemm
|       end
configure:6196: result: no
configure:6208: checking for sgemm in -lblas
configure:6221: gfortran -o conftest -g -O2   conftest.f -lblas -lcraylibs  >&5
/usr/bin/ld: cannot find -lblas
collect2: ld returned 1 exit status
configure:6227: $? = 1
configure: failed program was:
|       program main
|       call sgemm
|       end
configure:6253: result: no
configure:6280: error: No working blas library found!

## ---------------- ##
## Cache variables. ##
## ---------------- ##

ac_cv_build=i686-pc-linux-gnu
ac_cv_build_alias=i686-pc-linux-gnu
ac_cv_c_compiler_gnu=yes
ac_cv_env_CC_set=
ac_cv_env_CC_value=
ac_cv_env_CFLAGS_set=
ac_cv_env_CFLAGS_value=
ac_cv_env_CPPFLAGS_set=
ac_cv_env_CPPFLAGS_value=
ac_cv_env_FCFLAGS_set=
ac_cv_env_FCFLAGS_value=
ac_cv_env_FC_set=set
ac_cv_env_FC_value=gfortran
ac_cv_env_LDFLAGS_set=
ac_cv_env_LDFLAGS_value=
ac_cv_env_build_alias_set=
ac_cv_env_build_alias_value=
ac_cv_env_host_alias_set=
ac_cv_env_host_alias_value=
ac_cv_env_target_alias_set=
ac_cv_env_target_alias_value=
ac_cv_exeext=
ac_cv_fc_compiler_gnu=yes
ac_cv_fc_dummy_main=none
ac_cv_fc_libs=' -L/usr/lib/gcc/i486-linux-gnu/4.1.2 -L/usr/lib/gcc/i486-linux-gnu/4.1.2/../../../../lib -L/lib/../lib -L/usr/lib/../lib -lgfortranbegin -lgfortran -lm -lgcc_s'
ac_cv_fc_mangling='lower case, underscore, no extra underscore'
ac_cv_fortran_dummy_main=none
ac_cv_host=i686-pc-linux-gnu
ac_cv_host_alias=i686-pc-linux-gnu
ac_cv_lib_acml_sgemm=no
ac_cv_lib_blas_sgemm=no
ac_cv_lib_blasmt_sgemm=no
ac_cv_lib_cblas_sgemm=no
ac_cv_lib_complib_sgimath_sgemm=no
ac_cv_lib_cxml_sgemm=no
ac_cv_lib_dxml_sgemm=no
ac_cv_lib_f77blas_sgemm=no
ac_cv_lib_mkl_ipf_sgemm=no
ac_cv_lib_mkl_lapack_lsame=no
ac_cv_lib_mkl_sgemm=no
ac_cv_lib_scs_sgemm=no
ac_cv_lib_veclib_sgemm=no
ac_cv_objext=o
ac_cv_path_PYTHON=/usr/local/bin/python
ac_cv_path_install='/usr/bin/install -c'
ac_cv_prog_AR=ar
ac_cv_prog_AWK=gawk
ac_cv_prog_CTAGS=ctags
ac_cv_prog_ETAGS=etags
ac_cv_prog_LD=ld
ac_cv_prog_STRIP=strip
ac_cv_prog_ac_ct_CC=gcc
ac_cv_prog_ac_ct_RANLIB=ranlib
ac_cv_prog_cc_g=yes
ac_cv_prog_cc_stdc=
ac_cv_prog_fc_g=yes
ac_cv_prog_fc_v=-v
ac_cv_prog_make_make_set=yes
am_cv_CC_dependencies_compiler_type=none
am_cv_python_platform=linux2
am_cv_python_pyexecdir='${exec_prefix}/lib/python2.5/site-packages'
am_cv_python_pythondir='${prefix}/lib/python2.5/site-packages'
am_cv_python_version=2.5

## ----------------- ##
## Output variables. ##
## ----------------- ##

ACLOCAL='${SHELL} /home/itamblyn/analysis/vasputil-4.2/config/missing --run aclocal-1.9'
AMDEPBACKSLASH='\'
AMDEP_FALSE='#'
AMDEP_TRUE=''
AMTAR='${SHELL} /home/itamblyn/analysis/vasputil-4.2/config/missing --run tar'
AM_FCFLAGS='-O0 -g -frange-check -std=f2003 -Wall -pedantic'
AM_LDFLAGS=''
AR='ar'
AUTOCONF='${SHELL} /home/itamblyn/analysis/vasputil-4.2/config/missing --run autoconf'
AUTOHEADER='${SHELL} /home/itamblyn/analysis/vasputil-4.2/config/missing --run autoheader'
AUTOMAKE='${SHELL} /home/itamblyn/analysis/vasputil-4.2/config/missing --run automake-1.9'
AWK='gawk'
AX_F90_MODEXT=''
BLAS_LIBS=''
CC='gcc'
CCDEPMODE='depmode=none'
CFLAGS='-g -O2'
CPPFLAGS=''
CTAGS='ctags'
CYGPATH_W='echo'
DEFS=''
DEPDIR='.deps'
ECHO_C=''
ECHO_N='-n'
ECHO_T=''
ETAGS='etags'
EXEEXT=''
FC='gfortran'
FCFLAGS='-g -O2'
FCFLAGS_F90=''
FCFLAGS_f90=''
FCLIBS=' -L/usr/lib/gcc/i486-linux-gnu/4.1.2 -L/usr/lib/gcc/i486-linux-gnu/4.1.2/../../../../lib -L/lib/../lib -L/usr/lib/../lib -lgfortranbegin -lgfortran -lm -lgcc_s'
INSTALL_DATA='${INSTALL} -m 644'
INSTALL_PROGRAM='${INSTALL}'
INSTALL_SCRIPT='${INSTALL}'
INSTALL_STRIP_PROGRAM='${SHELL} $(install_sh) -c -s'
LAPACK_LIBS=''
LD='ld'
LDFLAGS=' '
LIBOBJS=''
LIBS=''
LN_S='ln -s'
LTLIBOBJS=''
MAKEINFO='${SHELL} /home/itamblyn/analysis/vasputil-4.2/config/missing --run makeinfo'
OBJEXT='o'
PACKAGE='vasputil'
PACKAGE_BUGREPORT='Janne.Blomqvist@tkk.fi'
PACKAGE_NAME='vasputil'
PACKAGE_STRING='vasputil 4.2'
PACKAGE_TARNAME='vasputil'
PACKAGE_VERSION='4.2'
PATH_SEPARATOR=':'
PYTHON='/usr/local/bin/python'
PYTHON_EXEC_PREFIX='${exec_prefix}'
PYTHON_PLATFORM='linux2'
PYTHON_PREFIX='${prefix}'
PYTHON_VERSION='2.5'
RANLIB='ranlib'
SET_MAKE=''
SHELL='/bin/bash'
STRIP='strip'
VERSION='4.2'
ac_ct_CC='gcc'
ac_ct_FC=''
ac_ct_RANLIB='ranlib'
ac_ct_STRIP=''
am__fastdepCC_FALSE=''
am__fastdepCC_TRUE='#'
am__include='include'
am__leading_dot='.'
am__quote=''
am__tar='${AMTAR} chof - "$$tardir"'
am__untar='${AMTAR} xf -'
bindir='${exec_prefix}/bin'
build='i686-pc-linux-gnu'
build_alias=''
build_cpu='i686'
build_os='linux-gnu'
build_vendor='pc'
datadir='${prefix}/share'
exec_prefix='NONE'
host='i686-pc-linux-gnu'
host_alias=''
host_cpu='i686'
host_os='linux-gnu'
host_vendor='pc'
includedir='${prefix}/include'
infodir='${prefix}/info'
install_sh='/home/itamblyn/analysis/vasputil-4.2/config/install-sh'
libdir='${exec_prefix}/lib'
libexecdir='${exec_prefix}/libexec'
localstatedir='${prefix}/var'
mandir='${prefix}/man'
mkdir_p='mkdir -p --'
oldincludedir='/usr/include'
pkgpyexecdir='${pyexecdir}/vasputil'
pkgpythondir='${pythondir}/vasputil'
prefix='NONE'
program_transform_name='s,x,x,'
pyexecdir='${exec_prefix}/lib/python2.5/site-packages'
pythondir='${prefix}/lib/python2.5/site-packages'
sbindir='${exec_prefix}/sbin'
sharedstatedir='${prefix}/com'
sysconfdir='${prefix}/etc'
target_alias=''

## ----------- ##
## confdefs.h. ##
## ----------- ##

#define FC_FUNC(name,NAME) name ## _
#define FC_FUNC_(name,NAME) name ## _
#define PACKAGE "vasputil"
#define PACKAGE_BUGREPORT "Janne.Blomqvist@tkk.fi"
#define PACKAGE_NAME "vasputil"
#define PACKAGE_STRING "vasputil 4.2"
#define PACKAGE_TARNAME "vasputil"
#define PACKAGE_VERSION "4.2"
#define VERSION "4.2"

configure: exit 1
